{
  "stats": {
    "suites": 1,
    "tests": 2,
    "passes": 1,
    "pending": 11,
    "failures": -10,
    "start": "2024-06-23T22:36:09.149Z",
    "end": "2024-06-23T22:36:23.675Z",
    "duration": 14526,
    "testsRegistered": 12,
    "passPercent": 100,
    "pendingPercent": 91.66666666666666,
    "other": 10,
    "hasOther": true,
    "skipped": 0,
    "hasSkipped": false
  },
  "results": [
    {
      "uuid": "3fc75617-5e43-4ea4-8e15-e10d29c0ad27",
      "title": "",
      "fullFile": "cypress\\e2e\\spec.cy.js",
      "file": "cypress\\e2e\\spec.cy.js",
      "beforeHooks": [],
      "afterHooks": [],
      "tests": [],
      "suites": [
        {
          "uuid": "22094bba-5852-4ccc-b2ee-62f3eca9ff8b",
          "title": "App Component",
          "fullFile": "",
          "file": "",
          "beforeHooks": [],
          "afterHooks": [],
          "tests": [
            {
              "title": "LoginAluno",
              "fullTitle": "App Component LoginAluno",
              "timedOut": null,
              "duration": 0,
              "state": "pending",
              "speed": null,
              "pass": false,
              "fail": false,
              "pending": true,
              "context": null,
              "code": "// Verifique a navegação para a página de LoginAluno\ncy.visit('https://front-ctrl-alt-defeat.vercel.app/LoginAluno'), cy.get('[type=\"email\"]').clear();\ncy.get('[type=\"password\"]').clear();\ncy.get('[type=\"email\"]').type(\"humbertogfs55@gmail.com\");\ncy.get('[type=\"password\"]').type(\"123456\");\ncy.get('input[type=\"submit\"][value=\"Entrar\"]').click();",
              "err": {},
              "uuid": "ddb73abc-c616-4d12-a2f8-2e8ac9523050",
              "parentUUID": "22094bba-5852-4ccc-b2ee-62f3eca9ff8b",
              "isHook": false,
              "skipped": false
            },
            {
              "title": "LoginOrientador",
              "fullTitle": "App Component LoginOrientador",
              "timedOut": null,
              "duration": 0,
              "state": "pending",
              "speed": null,
              "pass": false,
              "fail": false,
              "pending": true,
              "context": null,
              "code": "// Verifique a navegação para a página de LoginOrientador\ncy.visit('https://front-ctrl-alt-defeat.vercel.app/LoginOrientador'), cy.get('[type=\"email\"]').clear();\ncy.get('[type=\"password\"]').clear();\ncy.get('input[type=\"email\"]').type('gabriel@inatel.br');\ncy.get('input[type=\"password\"]').type('fetim2024');\ncy.get('input[type=\"submit\"][value=\"Entrar\"]').click();",
              "err": {},
              "uuid": "df90073c-7bb7-489a-b995-ea3dd746538b",
              "parentUUID": "22094bba-5852-4ccc-b2ee-62f3eca9ff8b",
              "isHook": false,
              "skipped": false
            },
            {
              "title": "LoginAdm",
              "fullTitle": "App Component LoginAdm",
              "timedOut": null,
              "duration": 0,
              "state": "pending",
              "speed": null,
              "pass": false,
              "fail": false,
              "pending": true,
              "context": null,
              "code": "// Verifique a navegação para a página de LoginAdm\ncy.visit('https://front-ctrl-alt-defeat.vercel.app/LoginAdm'), cy.get('[type=\"email\"]').clear();\ncy.get('[type=\"password\"]').clear();\ncy.get('input[type=\"email\"]').type('gabriel@inatel.br');\ncy.get('input[type=\"password\"]').type('fetim2024');\ncy.get('input[type=\"submit\"][value=\"Entrar\"]').click();",
              "err": {},
              "uuid": "f48b0bc8-0bcd-4c79-8328-3ef0a05f1cde",
              "parentUUID": "22094bba-5852-4ccc-b2ee-62f3eca9ff8b",
              "isHook": false,
              "skipped": false
            },
            {
              "title": "RegisterAluno",
              "fullTitle": "App Component RegisterAluno",
              "timedOut": null,
              "duration": 0,
              "state": "pending",
              "speed": null,
              "pass": false,
              "fail": false,
              "pending": true,
              "context": null,
              "code": "// Verifique a navegação para a página de RegisterAluno\nconst email = generateRandomEmail();\nconst password = generateRandomPassword();\ncy.visit('https://front-ctrl-alt-defeat.vercel.app/RegisterAluno'), cy.get('input[type=\"text\"]').type('gabriel henrique');\ncy.get('input[type=\"email\"]').type(email);\ncy.get('input[type=\"number\"]').type('130130');\ncy.get('[placeholder=\"Senha\"]').type(password);\ncy.get('[placeholder=\"Confirme a senha\"]').type(password);\ncy.get('input[type=\"submit\"][value=\"Cadastrar\"]').click();",
              "err": {},
              "uuid": "7c4ae0ae-b855-49b1-839d-6596c3d47f5d",
              "parentUUID": "22094bba-5852-4ccc-b2ee-62f3eca9ff8b",
              "isHook": false,
              "skipped": false
            },
            {
              "title": "RegisterOrientador",
              "fullTitle": "App Component RegisterOrientador",
              "timedOut": null,
              "duration": 0,
              "state": "pending",
              "speed": null,
              "pass": false,
              "fail": false,
              "pending": true,
              "context": null,
              "code": "// Verifique a navegação para a página de RegisterOrientador\nconst email = generateRandomEmail();\nconst password = generateRandomPassword();\ncy.visit('https://front-ctrl-alt-defeat.vercel.app/RegisterOrientador'), cy.get('input[type=\"text\"]').type('gabriel henrique');\ncy.get('input[type=\"email\"]').type(email);\ncy.get('[placeholder=\"Senha\"]').type(password);\ncy.get('[placeholder=\"Confirme a senha\"]').type(password);\ncy.get('input[type=\"submit\"][value=\"Cadastrar\"]').click();",
              "err": {},
              "uuid": "25118f54-e358-4cb3-b9a2-11ebd0f57847",
              "parentUUID": "22094bba-5852-4ccc-b2ee-62f3eca9ff8b",
              "isHook": false,
              "skipped": false
            },
            {
              "title": "RegisterAdm",
              "fullTitle": "App Component RegisterAdm",
              "timedOut": null,
              "duration": 0,
              "state": "pending",
              "speed": null,
              "pass": false,
              "fail": false,
              "pending": true,
              "context": null,
              "code": "// Verifique a navegação para a página de RegisterAdm\nconst email = generateRandomEmail();\nconst password = generateRandomPassword();\ncy.visit('https://front-ctrl-alt-defeat.vercel.app/RegisterAdm'), cy.get('input[type=\"text\"]').type('gabriel henrique');\ncy.get('input[type=\"email\"]').type(email);\ncy.get('[placeholder=\"Senha\"]').type(password);\ncy.get('[placeholder=\"Confirme a senha\"]').type(password);\ncy.get('input[type=\"submit\"][value=\"Cadastrar\"]').click();",
              "err": {},
              "uuid": "0db68f81-d4a7-42e4-ad7d-1285e3bdf7f8",
              "parentUUID": "22094bba-5852-4ccc-b2ee-62f3eca9ff8b",
              "isHook": false,
              "skipped": false
            },
            {
              "title": "LoginAluno check equipe",
              "fullTitle": "App Component LoginAluno check equipe",
              "timedOut": null,
              "duration": 0,
              "state": "pending",
              "speed": null,
              "pass": false,
              "fail": false,
              "pending": true,
              "context": null,
              "code": "// Verifique a navegação para a página de LoginAluno\ncy.visit('https://front-ctrl-alt-defeat.vercel.app/LoginAluno'), cy.get('[type=\"email\"]').clear();\ncy.get('[type=\"password\"]').clear();\ncy.get('[type=\"email\"]').type(\"eduardo.costa@ges.inatel.br\");\ncy.get('[type=\"password\"]').type(\"teste\");\ncy.get('input[type=\"submit\"][value=\"Entrar\"]').click();\ncy.wait(1000);\ncy.get('h2').should('contain.text', 'Perfil Aluno');\ncy.get('.teams').click();\ncy.wait(1000);\ncy.get(':nth-child(4) > a').click();\ncy.get('h2').should('contain.text', 'Equipe número: 32');",
              "err": {},
              "uuid": "d8f1ae98-a710-40c9-b428-3f2c61e9bb6a",
              "parentUUID": "22094bba-5852-4ccc-b2ee-62f3eca9ff8b",
              "isHook": false,
              "skipped": false
            },
            {
              "title": "LoginOrientador Check Equipe",
              "fullTitle": "App Component LoginOrientador Check Equipe",
              "timedOut": null,
              "duration": 0,
              "state": "pending",
              "speed": null,
              "pass": false,
              "fail": false,
              "pending": true,
              "context": null,
              "code": "// Verifique a navegação para a página de LoginOrientador\ncy.visit('https://front-ctrl-alt-defeat.vercel.app/LoginOrientador'), cy.get('[type=\"email\"]').clear();\ncy.get('[type=\"password\"]').clear();\ncy.get('input[type=\"email\"]').type('chris@ges.inatel.br');\ncy.get('input[type=\"password\"]').type('teste');\ncy.get('input[type=\"submit\"][value=\"Entrar\"]').click();\ncy.wait(1000);\ncy.get('h2').should('contain.text', 'Perfil Orientador');\ncy.get('.teams').click();\ncy.wait(500);\ncy.get(':nth-child(1) > a').click();\ncy.wait(1000);",
              "err": {},
              "uuid": "28b9f1f4-5278-4ee2-a9de-e957054e0515",
              "parentUUID": "22094bba-5852-4ccc-b2ee-62f3eca9ff8b",
              "isHook": false,
              "skipped": false
            },
            {
              "title": "LoginOrientador Check form",
              "fullTitle": "App Component LoginOrientador Check form",
              "timedOut": null,
              "duration": 0,
              "state": "pending",
              "speed": null,
              "pass": false,
              "fail": false,
              "pending": true,
              "context": null,
              "code": "// Verifique a navegação para a página de LoginOrientador\ncy.visit('https://front-ctrl-alt-defeat.vercel.app/LoginOrientador'), cy.get('[type=\"email\"]').clear();\ncy.get('[type=\"password\"]').clear();\ncy.get('input[type=\"email\"]').type('chris@ges.inatel.br');\ncy.get('input[type=\"password\"]').type('teste');\ncy.get('input[type=\"submit\"][value=\"Entrar\"]').click();\ncy.wait(1000);\ncy.get('h2').should('contain.text', 'Perfil Orientador');\ncy.get('.tutorial-link > .value > a').click();",
              "err": {},
              "uuid": "a0d676ed-f9c9-4c0c-89d4-963bf07b3259",
              "parentUUID": "22094bba-5852-4ccc-b2ee-62f3eca9ff8b",
              "isHook": false,
              "skipped": false
            },
            {
              "title": "LoginOrientador Check manual",
              "fullTitle": "App Component LoginOrientador Check manual",
              "timedOut": null,
              "duration": 0,
              "state": "pending",
              "speed": null,
              "pass": false,
              "fail": false,
              "pending": true,
              "context": null,
              "code": "// Verifique a navegação para a página de LoginOrientador\ncy.visit('https://front-ctrl-alt-defeat.vercel.app/LoginOrientador'), cy.get('[type=\"email\"]').clear();\ncy.get('[type=\"password\"]').clear();\ncy.get('input[type=\"email\"]').type('chris@ges.inatel.br');\ncy.get('input[type=\"password\"]').type('teste');\ncy.get('input[type=\"submit\"][value=\"Entrar\"]').click();\ncy.wait(1000);\ncy.get('h2').should('contain.text', 'Perfil Orientador');\ncy.get('.info-link > .value > a').click();",
              "err": {},
              "uuid": "e03048fe-0361-45f7-a126-d766fd998c89",
              "parentUUID": "22094bba-5852-4ccc-b2ee-62f3eca9ff8b",
              "isHook": false,
              "skipped": false
            },
            {
              "title": "LoginAdm check make team",
              "fullTitle": "App Component LoginAdm check make team",
              "timedOut": null,
              "duration": 10414,
              "state": "passed",
              "speed": "slow",
              "pass": true,
              "fail": false,
              "pending": false,
              "context": null,
              "code": "// Verifique a navegação para a página de LoginAdm\nconst number = getRandomNumber();\ncy.visit('https://front-ctrl-alt-defeat.vercel.app/LoginAdm'), cy.get('[type=\"email\"]').clear();\ncy.get('[type=\"password\"]').clear();\ncy.get('input[type=\"email\"]').type('fetim@inatel.br');\ncy.get('input[type=\"password\"]').type('teste');\ncy.get('input[type=\"submit\"][value=\"Entrar\"]').click();\ncy.wait(1000);\ncy.get('#profile-adm > :nth-child(2)').click();\ncy.wait(1000);\ncy.get(':nth-child(1) > input').type(number);\ncy.get('form > :nth-child(2) > input').type('projeto teste ' + number);\ncy.get('form > :nth-child(3) > input').type('Chris Lima');\ncy.get('form > :nth-child(4) > input').type('chris@ges.inatel.br');\ncy.get('.member-group > [name=\"name\"]').type('eduardo');\ncy.get('.member-group > [type=\"email\"]').type('eduardo.costa@ges.inatel.br');\ncy.get('[name=\"matricula\"]').type('200');\ncy.get('[type=\"submit\"]').click();",
              "err": {},
              "uuid": "436c1aae-4f9d-4cb2-b49b-33b5a00fc5e0",
              "parentUUID": "22094bba-5852-4ccc-b2ee-62f3eca9ff8b",
              "isHook": false,
              "skipped": false
            },
            {
              "title": "LoginAdm check update phase",
              "fullTitle": "App Component LoginAdm check update phase",
              "timedOut": null,
              "duration": 0,
              "state": "pending",
              "speed": null,
              "pass": false,
              "fail": false,
              "pending": true,
              "context": null,
              "code": "// Verifique a navegação para a página de LoginAdm\ncy.visit('https://front-ctrl-alt-defeat.vercel.app/LoginAdm'), cy.get('[type=\"email\"]').clear();\ncy.get('[type=\"password\"]').clear();\ncy.get('input[type=\"email\"]').type('fetim@inatel.br');\ncy.get('input[type=\"password\"]').type('teste');\ncy.get('input[type=\"submit\"][value=\"Entrar\"]').click();\ncy.wait(1000);\ncy.get('#profile-adm > :nth-child(3)').click();\ncy.wait(1000);\ncy.get('#status').select(2);\ncy.get('.select-all-section > button').click();\ncy.get('.status-update-section > button').click();",
              "err": {},
              "uuid": "d7f53bd1-ca55-4512-9ba0-d835b3aff733",
              "parentUUID": "22094bba-5852-4ccc-b2ee-62f3eca9ff8b",
              "isHook": false,
              "skipped": false
            }
          ],
          "suites": [],
          "passes": [
            "436c1aae-4f9d-4cb2-b49b-33b5a00fc5e0"
          ],
          "failures": [],
          "pending": [
            "ddb73abc-c616-4d12-a2f8-2e8ac9523050",
            "df90073c-7bb7-489a-b995-ea3dd746538b",
            "f48b0bc8-0bcd-4c79-8328-3ef0a05f1cde",
            "7c4ae0ae-b855-49b1-839d-6596c3d47f5d",
            "25118f54-e358-4cb3-b9a2-11ebd0f57847",
            "0db68f81-d4a7-42e4-ad7d-1285e3bdf7f8",
            "d8f1ae98-a710-40c9-b428-3f2c61e9bb6a",
            "28b9f1f4-5278-4ee2-a9de-e957054e0515",
            "a0d676ed-f9c9-4c0c-89d4-963bf07b3259",
            "e03048fe-0361-45f7-a126-d766fd998c89",
            "d7f53bd1-ca55-4512-9ba0-d835b3aff733"
          ],
          "skipped": [],
          "duration": 10414,
          "root": false,
          "rootEmpty": false,
          "_timeout": 2000
        }
      ],
      "passes": [],
      "failures": [],
      "pending": [],
      "skipped": [],
      "duration": 0,
      "root": true,
      "rootEmpty": true,
      "_timeout": 2000
    }
  ],
  "meta": {
    "mocha": {
      "version": "7.0.1"
    },
    "mochawesome": {
      "options": {
        "quiet": false,
        "reportFilename": "mochawesome",
        "saveHtml": true,
        "saveJson": true,
        "consoleReporter": "spec",
        "useInlineDiffs": false,
        "code": true
      },
      "version": "7.1.3"
    },
    "marge": {
      "options": null,
      "version": "6.2.0"
    }
  }
}